+ export I_MPI_JOB_RESPECT_PROCESS_PLACEMENT=0
+ I_MPI_JOB_RESPECT_PROCESS_PLACEMENT=0
+ for i in '{1..20}'
+ ./jacobi
Usage: jacobi [<n> <m> <alpha> <tol> <relax> <mits>]
	n - grid dimension in x direction, default: 256
	m - grid dimension in y direction, default: n if provided or 256
	alpha - Helmholtz constant (always greater than 0.0), default: 0.0543
	tol   - error tolerance for iterative solver, default: 1e-10
	relax - Successice over relaxation parameter, default: 1
	mits  - Maximum iterations for iterative solver, default: 5000
jacobi 256 256 0.0543 1e-10 1 5000
------------------------------------------------------------------------------------------------------
================================= Sequential Execution ======================================
Finished 500 iteration with error: 0.000186838
Finished 1000 iteration with error: 0.000162331
Finished 1500 iteration with error: 0.000144725
Finished 2000 iteration with error: 0.00013064
Finished 2500 iteration with error: 0.000118836
Finished 3000 iteration with error: 0.000108641
Finished 3500 iteration with error: 9.96683e-05
Finished 4000 iteration with error: 9.16669e-05
Finished 4500 iteration with error: 8.44734e-05
Finished 5000 iteration with error: 7.79403e-05
Total Number of Iterations: 5001
Residual: 1.34710361976431e-07

------------------------------------------------------------------------------------------------------
Performance:	Runtime(ms)	MFLOPS		Error
------------------------------------------------------------------------------------------------------
base:		4587.00		914.22		0.00126067
+ for i in '{1..20}'
+ ./jacobi
Usage: jacobi [<n> <m> <alpha> <tol> <relax> <mits>]
	n - grid dimension in x direction, default: 256
	m - grid dimension in y direction, default: n if provided or 256
	alpha - Helmholtz constant (always greater than 0.0), default: 0.0543
	tol   - error tolerance for iterative solver, default: 1e-10
	relax - Successice over relaxation parameter, default: 1
	mits  - Maximum iterations for iterative solver, default: 5000
jacobi 256 256 0.0543 1e-10 1 5000
------------------------------------------------------------------------------------------------------
================================= Sequential Execution ======================================
Finished 500 iteration with error: 0.000186838
Finished 1000 iteration with error: 0.000162331
Finished 1500 iteration with error: 0.000144725
Finished 2000 iteration with error: 0.00013064
Finished 2500 iteration with error: 0.000118836
Finished 3000 iteration with error: 0.000108641
Finished 3500 iteration with error: 9.96683e-05
Finished 4000 iteration with error: 9.16669e-05
Finished 4500 iteration with error: 8.44734e-05
Finished 5000 iteration with error: 7.79403e-05
Total Number of Iterations: 5001
Residual: 1.34710361976431e-07

------------------------------------------------------------------------------------------------------
Performance:	Runtime(ms)	MFLOPS		Error
------------------------------------------------------------------------------------------------------
base:		4664.00		899.13		0.00126067
+ for i in '{1..20}'
+ ./jacobi
Usage: jacobi [<n> <m> <alpha> <tol> <relax> <mits>]
	n - grid dimension in x direction, default: 256
	m - grid dimension in y direction, default: n if provided or 256
	alpha - Helmholtz constant (always greater than 0.0), default: 0.0543
	tol   - error tolerance for iterative solver, default: 1e-10
	relax - Successice over relaxation parameter, default: 1
	mits  - Maximum iterations for iterative solver, default: 5000
jacobi 256 256 0.0543 1e-10 1 5000
------------------------------------------------------------------------------------------------------
================================= Sequential Execution ======================================
Finished 500 iteration with error: 0.000186838
Finished 1000 iteration with error: 0.000162331
Finished 1500 iteration with error: 0.000144725
Finished 2000 iteration with error: 0.00013064
Finished 2500 iteration with error: 0.000118836
Finished 3000 iteration with error: 0.000108641
Finished 3500 iteration with error: 9.96683e-05
Finished 4000 iteration with error: 9.16669e-05
Finished 4500 iteration with error: 8.44734e-05
Finished 5000 iteration with error: 7.79403e-05
Total Number of Iterations: 5001
Residual: 1.34710361976431e-07

------------------------------------------------------------------------------------------------------
Performance:	Runtime(ms)	MFLOPS		Error
------------------------------------------------------------------------------------------------------
base:		4544.00		922.87		0.00126067
+ for i in '{1..20}'
+ ./jacobi
Usage: jacobi [<n> <m> <alpha> <tol> <relax> <mits>]
	n - grid dimension in x direction, default: 256
	m - grid dimension in y direction, default: n if provided or 256
	alpha - Helmholtz constant (always greater than 0.0), default: 0.0543
	tol   - error tolerance for iterative solver, default: 1e-10
	relax - Successice over relaxation parameter, default: 1
	mits  - Maximum iterations for iterative solver, default: 5000
jacobi 256 256 0.0543 1e-10 1 5000
------------------------------------------------------------------------------------------------------
================================= Sequential Execution ======================================
Finished 500 iteration with error: 0.000186838
Finished 1000 iteration with error: 0.000162331
Finished 1500 iteration with error: 0.000144725
Finished 2000 iteration with error: 0.00013064
Finished 2500 iteration with error: 0.000118836
Finished 3000 iteration with error: 0.000108641
Finished 3500 iteration with error: 9.96683e-05
Finished 4000 iteration with error: 9.16669e-05
Finished 4500 iteration with error: 8.44734e-05
Finished 5000 iteration with error: 7.79403e-05
Total Number of Iterations: 5001
Residual: 1.34710361976431e-07

------------------------------------------------------------------------------------------------------
Performance:	Runtime(ms)	MFLOPS		Error
------------------------------------------------------------------------------------------------------
base:		4425.00		947.69		0.00126067
+ for i in '{1..20}'
+ ./jacobi
Usage: jacobi [<n> <m> <alpha> <tol> <relax> <mits>]
	n - grid dimension in x direction, default: 256
	m - grid dimension in y direction, default: n if provided or 256
	alpha - Helmholtz constant (always greater than 0.0), default: 0.0543
	tol   - error tolerance for iterative solver, default: 1e-10
	relax - Successice over relaxation parameter, default: 1
	mits  - Maximum iterations for iterative solver, default: 5000
jacobi 256 256 0.0543 1e-10 1 5000
------------------------------------------------------------------------------------------------------
================================= Sequential Execution ======================================
Finished 500 iteration with error: 0.000186838
Finished 1000 iteration with error: 0.000162331
Finished 1500 iteration with error: 0.000144725
Finished 2000 iteration with error: 0.00013064
Finished 2500 iteration with error: 0.000118836
Finished 3000 iteration with error: 0.000108641
Finished 3500 iteration with error: 9.96683e-05
Finished 4000 iteration with error: 9.16669e-05
Finished 4500 iteration with error: 8.44734e-05
Finished 5000 iteration with error: 7.79403e-05
Total Number of Iterations: 5001
Residual: 1.34710361976431e-07

------------------------------------------------------------------------------------------------------
Performance:	Runtime(ms)	MFLOPS		Error
------------------------------------------------------------------------------------------------------
base:		4565.00		918.63		0.00126067
+ for i in '{1..20}'
+ ./jacobi
Usage: jacobi [<n> <m> <alpha> <tol> <relax> <mits>]
	n - grid dimension in x direction, default: 256
	m - grid dimension in y direction, default: n if provided or 256
	alpha - Helmholtz constant (always greater than 0.0), default: 0.0543
	tol   - error tolerance for iterative solver, default: 1e-10
	relax - Successice over relaxation parameter, default: 1
	mits  - Maximum iterations for iterative solver, default: 5000
jacobi 256 256 0.0543 1e-10 1 5000
------------------------------------------------------------------------------------------------------
================================= Sequential Execution ======================================
Finished 500 iteration with error: 0.000186838
Finished 1000 iteration with error: 0.000162331
Finished 1500 iteration with error: 0.000144725
Finished 2000 iteration with error: 0.00013064
Finished 2500 iteration with error: 0.000118836
Finished 3000 iteration with error: 0.000108641
Finished 3500 iteration with error: 9.96683e-05
Finished 4000 iteration with error: 9.16669e-05
Finished 4500 iteration with error: 8.44734e-05
Finished 5000 iteration with error: 7.79403e-05
Total Number of Iterations: 5001
Residual: 1.34710361976431e-07

------------------------------------------------------------------------------------------------------
Performance:	Runtime(ms)	MFLOPS		Error
------------------------------------------------------------------------------------------------------
base:		4431.00		946.41		0.00126067
+ for i in '{1..20}'
+ ./jacobi
Usage: jacobi [<n> <m> <alpha> <tol> <relax> <mits>]
	n - grid dimension in x direction, default: 256
	m - grid dimension in y direction, default: n if provided or 256
	alpha - Helmholtz constant (always greater than 0.0), default: 0.0543
	tol   - error tolerance for iterative solver, default: 1e-10
	relax - Successice over relaxation parameter, default: 1
	mits  - Maximum iterations for iterative solver, default: 5000
jacobi 256 256 0.0543 1e-10 1 5000
------------------------------------------------------------------------------------------------------
================================= Sequential Execution ======================================
Finished 500 iteration with error: 0.000186838
Finished 1000 iteration with error: 0.000162331
Finished 1500 iteration with error: 0.000144725
Finished 2000 iteration with error: 0.00013064
Finished 2500 iteration with error: 0.000118836
Finished 3000 iteration with error: 0.000108641
Finished 3500 iteration with error: 9.96683e-05
Finished 4000 iteration with error: 9.16669e-05
Finished 4500 iteration with error: 8.44734e-05
Finished 5000 iteration with error: 7.79403e-05
Total Number of Iterations: 5001
Residual: 1.34710361976431e-07

------------------------------------------------------------------------------------------------------
Performance:	Runtime(ms)	MFLOPS		Error
------------------------------------------------------------------------------------------------------
base:		4573.00		917.02		0.00126067
+ for i in '{1..20}'
+ ./jacobi
Usage: jacobi [<n> <m> <alpha> <tol> <relax> <mits>]
	n - grid dimension in x direction, default: 256
	m - grid dimension in y direction, default: n if provided or 256
	alpha - Helmholtz constant (always greater than 0.0), default: 0.0543
	tol   - error tolerance for iterative solver, default: 1e-10
	relax - Successice over relaxation parameter, default: 1
	mits  - Maximum iterations for iterative solver, default: 5000
jacobi 256 256 0.0543 1e-10 1 5000
------------------------------------------------------------------------------------------------------
================================= Sequential Execution ======================================
Finished 500 iteration with error: 0.000186838
Finished 1000 iteration with error: 0.000162331
Finished 1500 iteration with error: 0.000144725
Finished 2000 iteration with error: 0.00013064
Finished 2500 iteration with error: 0.000118836
Finished 3000 iteration with error: 0.000108641
Finished 3500 iteration with error: 9.96683e-05
Finished 4000 iteration with error: 9.16669e-05
Finished 4500 iteration with error: 8.44734e-05
Finished 5000 iteration with error: 7.79403e-05
Total Number of Iterations: 5001
Residual: 1.34710361976431e-07

------------------------------------------------------------------------------------------------------
Performance:	Runtime(ms)	MFLOPS		Error
------------------------------------------------------------------------------------------------------
base:		4527.00		926.34		0.00126067
+ for i in '{1..20}'
+ ./jacobi
Usage: jacobi [<n> <m> <alpha> <tol> <relax> <mits>]
	n - grid dimension in x direction, default: 256
	m - grid dimension in y direction, default: n if provided or 256
	alpha - Helmholtz constant (always greater than 0.0), default: 0.0543
	tol   - error tolerance for iterative solver, default: 1e-10
	relax - Successice over relaxation parameter, default: 1
	mits  - Maximum iterations for iterative solver, default: 5000
jacobi 256 256 0.0543 1e-10 1 5000
------------------------------------------------------------------------------------------------------
================================= Sequential Execution ======================================
Finished 500 iteration with error: 0.000186838
Finished 1000 iteration with error: 0.000162331
Finished 1500 iteration with error: 0.000144725
Finished 2000 iteration with error: 0.00013064
Finished 2500 iteration with error: 0.000118836
Finished 3000 iteration with error: 0.000108641
Finished 3500 iteration with error: 9.96683e-05
Finished 4000 iteration with error: 9.16669e-05
Finished 4500 iteration with error: 8.44734e-05
Finished 5000 iteration with error: 7.79403e-05
Total Number of Iterations: 5001
Residual: 1.34710361976431e-07

------------------------------------------------------------------------------------------------------
Performance:	Runtime(ms)	MFLOPS		Error
------------------------------------------------------------------------------------------------------
base:		4385.00		956.34		0.00126067
+ for i in '{1..20}'
+ ./jacobi
Usage: jacobi [<n> <m> <alpha> <tol> <relax> <mits>]
	n - grid dimension in x direction, default: 256
	m - grid dimension in y direction, default: n if provided or 256
	alpha - Helmholtz constant (always greater than 0.0), default: 0.0543
	tol   - error tolerance for iterative solver, default: 1e-10
	relax - Successice over relaxation parameter, default: 1
	mits  - Maximum iterations for iterative solver, default: 5000
jacobi 256 256 0.0543 1e-10 1 5000
------------------------------------------------------------------------------------------------------
================================= Sequential Execution ======================================
Finished 500 iteration with error: 0.000186838
Finished 1000 iteration with error: 0.000162331
Finished 1500 iteration with error: 0.000144725
Finished 2000 iteration with error: 0.00013064
Finished 2500 iteration with error: 0.000118836
Finished 3000 iteration with error: 0.000108641
Finished 3500 iteration with error: 9.96683e-05
Finished 4000 iteration with error: 9.16669e-05
Finished 4500 iteration with error: 8.44734e-05
Finished 5000 iteration with error: 7.79403e-05
Total Number of Iterations: 5001
Residual: 1.34710361976431e-07

------------------------------------------------------------------------------------------------------
Performance:	Runtime(ms)	MFLOPS		Error
------------------------------------------------------------------------------------------------------
base:		4291.00		977.29		0.00126067
+ for i in '{1..20}'
+ ./jacobi
Usage: jacobi [<n> <m> <alpha> <tol> <relax> <mits>]
	n - grid dimension in x direction, default: 256
	m - grid dimension in y direction, default: n if provided or 256
	alpha - Helmholtz constant (always greater than 0.0), default: 0.0543
	tol   - error tolerance for iterative solver, default: 1e-10
	relax - Successice over relaxation parameter, default: 1
	mits  - Maximum iterations for iterative solver, default: 5000
jacobi 256 256 0.0543 1e-10 1 5000
------------------------------------------------------------------------------------------------------
================================= Sequential Execution ======================================
Finished 500 iteration with error: 0.000186838
Finished 1000 iteration with error: 0.000162331
Finished 1500 iteration with error: 0.000144725
Finished 2000 iteration with error: 0.00013064
Finished 2500 iteration with error: 0.000118836
Finished 3000 iteration with error: 0.000108641
Finished 3500 iteration with error: 9.96683e-05
Finished 4000 iteration with error: 9.16669e-05
Finished 4500 iteration with error: 8.44734e-05
Finished 5000 iteration with error: 7.79403e-05
Total Number of Iterations: 5001
Residual: 1.34710361976431e-07

------------------------------------------------------------------------------------------------------
Performance:	Runtime(ms)	MFLOPS		Error
------------------------------------------------------------------------------------------------------
base:		4222.00		993.26		0.00126067
+ for i in '{1..20}'
+ ./jacobi
Usage: jacobi [<n> <m> <alpha> <tol> <relax> <mits>]
	n - grid dimension in x direction, default: 256
	m - grid dimension in y direction, default: n if provided or 256
	alpha - Helmholtz constant (always greater than 0.0), default: 0.0543
	tol   - error tolerance for iterative solver, default: 1e-10
	relax - Successice over relaxation parameter, default: 1
	mits  - Maximum iterations for iterative solver, default: 5000
jacobi 256 256 0.0543 1e-10 1 5000
------------------------------------------------------------------------------------------------------
================================= Sequential Execution ======================================
Finished 500 iteration with error: 0.000186838
Finished 1000 iteration with error: 0.000162331
Finished 1500 iteration with error: 0.000144725
Finished 2000 iteration with error: 0.00013064
Finished 2500 iteration with error: 0.000118836
Finished 3000 iteration with error: 0.000108641
Finished 3500 iteration with error: 9.96683e-05
Finished 4000 iteration with error: 9.16669e-05
Finished 4500 iteration with error: 8.44734e-05
Finished 5000 iteration with error: 7.79403e-05
Total Number of Iterations: 5001
Residual: 1.34710361976431e-07

------------------------------------------------------------------------------------------------------
Performance:	Runtime(ms)	MFLOPS		Error
------------------------------------------------------------------------------------------------------
base:		4177.00		1003.96		0.00126067
+ for i in '{1..20}'
+ ./jacobi
Usage: jacobi [<n> <m> <alpha> <tol> <relax> <mits>]
	n - grid dimension in x direction, default: 256
	m - grid dimension in y direction, default: n if provided or 256
	alpha - Helmholtz constant (always greater than 0.0), default: 0.0543
	tol   - error tolerance for iterative solver, default: 1e-10
	relax - Successice over relaxation parameter, default: 1
	mits  - Maximum iterations for iterative solver, default: 5000
jacobi 256 256 0.0543 1e-10 1 5000
------------------------------------------------------------------------------------------------------
================================= Sequential Execution ======================================
Finished 500 iteration with error: 0.000186838
Finished 1000 iteration with error: 0.000162331
Finished 1500 iteration with error: 0.000144725
Finished 2000 iteration with error: 0.00013064
Finished 2500 iteration with error: 0.000118836
Finished 3000 iteration with error: 0.000108641
Finished 3500 iteration with error: 9.96683e-05
Finished 4000 iteration with error: 9.16669e-05
Finished 4500 iteration with error: 8.44734e-05
Finished 5000 iteration with error: 7.79403e-05
Total Number of Iterations: 5001
Residual: 1.34710361976431e-07

------------------------------------------------------------------------------------------------------
Performance:	Runtime(ms)	MFLOPS		Error
------------------------------------------------------------------------------------------------------
base:		4555.00		920.65		0.00126067
+ for i in '{1..20}'
+ ./jacobi
Usage: jacobi [<n> <m> <alpha> <tol> <relax> <mits>]
	n - grid dimension in x direction, default: 256
	m - grid dimension in y direction, default: n if provided or 256
	alpha - Helmholtz constant (always greater than 0.0), default: 0.0543
	tol   - error tolerance for iterative solver, default: 1e-10
	relax - Successice over relaxation parameter, default: 1
	mits  - Maximum iterations for iterative solver, default: 5000
jacobi 256 256 0.0543 1e-10 1 5000
------------------------------------------------------------------------------------------------------
================================= Sequential Execution ======================================
Finished 500 iteration with error: 0.000186838
Finished 1000 iteration with error: 0.000162331
Finished 1500 iteration with error: 0.000144725
Finished 2000 iteration with error: 0.00013064
Finished 2500 iteration with error: 0.000118836
Finished 3000 iteration with error: 0.000108641
Finished 3500 iteration with error: 9.96683e-05
Finished 4000 iteration with error: 9.16669e-05
Finished 4500 iteration with error: 8.44734e-05
Finished 5000 iteration with error: 7.79403e-05
Total Number of Iterations: 5001
Residual: 1.34710361976431e-07

------------------------------------------------------------------------------------------------------
Performance:	Runtime(ms)	MFLOPS		Error
------------------------------------------------------------------------------------------------------
base:		4371.00		959.40		0.00126067
+ for i in '{1..20}'
+ ./jacobi
Usage: jacobi [<n> <m> <alpha> <tol> <relax> <mits>]
	n - grid dimension in x direction, default: 256
	m - grid dimension in y direction, default: n if provided or 256
	alpha - Helmholtz constant (always greater than 0.0), default: 0.0543
	tol   - error tolerance for iterative solver, default: 1e-10
	relax - Successice over relaxation parameter, default: 1
	mits  - Maximum iterations for iterative solver, default: 5000
jacobi 256 256 0.0543 1e-10 1 5000
------------------------------------------------------------------------------------------------------
================================= Sequential Execution ======================================
Finished 500 iteration with error: 0.000186838
Finished 1000 iteration with error: 0.000162331
Finished 1500 iteration with error: 0.000144725
Finished 2000 iteration with error: 0.00013064
Finished 2500 iteration with error: 0.000118836
Finished 3000 iteration with error: 0.000108641
Finished 3500 iteration with error: 9.96683e-05
Finished 4000 iteration with error: 9.16669e-05
Finished 4500 iteration with error: 8.44734e-05
Finished 5000 iteration with error: 7.79403e-05
Total Number of Iterations: 5001
Residual: 1.34710361976431e-07

------------------------------------------------------------------------------------------------------
Performance:	Runtime(ms)	MFLOPS		Error
------------------------------------------------------------------------------------------------------
base:		4448.00		942.79		0.00126067
+ for i in '{1..20}'
+ ./jacobi
Usage: jacobi [<n> <m> <alpha> <tol> <relax> <mits>]
	n - grid dimension in x direction, default: 256
	m - grid dimension in y direction, default: n if provided or 256
	alpha - Helmholtz constant (always greater than 0.0), default: 0.0543
	tol   - error tolerance for iterative solver, default: 1e-10
	relax - Successice over relaxation parameter, default: 1
	mits  - Maximum iterations for iterative solver, default: 5000
jacobi 256 256 0.0543 1e-10 1 5000
------------------------------------------------------------------------------------------------------
================================= Sequential Execution ======================================
Finished 500 iteration with error: 0.000186838
Finished 1000 iteration with error: 0.000162331
Finished 1500 iteration with error: 0.000144725
Finished 2000 iteration with error: 0.00013064
Finished 2500 iteration with error: 0.000118836
Finished 3000 iteration with error: 0.000108641
Finished 3500 iteration with error: 9.96683e-05
Finished 4000 iteration with error: 9.16669e-05
Finished 4500 iteration with error: 8.44734e-05
Finished 5000 iteration with error: 7.79403e-05
Total Number of Iterations: 5001
Residual: 1.34710361976431e-07

------------------------------------------------------------------------------------------------------
Performance:	Runtime(ms)	MFLOPS		Error
------------------------------------------------------------------------------------------------------
base:		4373.00		958.96		0.00126067
+ for i in '{1..20}'
+ ./jacobi
Usage: jacobi [<n> <m> <alpha> <tol> <relax> <mits>]
	n - grid dimension in x direction, default: 256
	m - grid dimension in y direction, default: n if provided or 256
	alpha - Helmholtz constant (always greater than 0.0), default: 0.0543
	tol   - error tolerance for iterative solver, default: 1e-10
	relax - Successice over relaxation parameter, default: 1
	mits  - Maximum iterations for iterative solver, default: 5000
jacobi 256 256 0.0543 1e-10 1 5000
------------------------------------------------------------------------------------------------------
================================= Sequential Execution ======================================
Finished 500 iteration with error: 0.000186838
Finished 1000 iteration with error: 0.000162331
Finished 1500 iteration with error: 0.000144725
Finished 2000 iteration with error: 0.00013064
Finished 2500 iteration with error: 0.000118836
Finished 3000 iteration with error: 0.000108641
Finished 3500 iteration with error: 9.96683e-05
Finished 4000 iteration with error: 9.16669e-05
Finished 4500 iteration with error: 8.44734e-05
Finished 5000 iteration with error: 7.79403e-05
Total Number of Iterations: 5001
Residual: 1.34710361976431e-07

------------------------------------------------------------------------------------------------------
Performance:	Runtime(ms)	MFLOPS		Error
------------------------------------------------------------------------------------------------------
base:		4637.00		904.36		0.00126067
+ for i in '{1..20}'
+ ./jacobi
Usage: jacobi [<n> <m> <alpha> <tol> <relax> <mits>]
	n - grid dimension in x direction, default: 256
	m - grid dimension in y direction, default: n if provided or 256
	alpha - Helmholtz constant (always greater than 0.0), default: 0.0543
	tol   - error tolerance for iterative solver, default: 1e-10
	relax - Successice over relaxation parameter, default: 1
	mits  - Maximum iterations for iterative solver, default: 5000
jacobi 256 256 0.0543 1e-10 1 5000
------------------------------------------------------------------------------------------------------
================================= Sequential Execution ======================================
Finished 500 iteration with error: 0.000186838
Finished 1000 iteration with error: 0.000162331
Finished 1500 iteration with error: 0.000144725
Finished 2000 iteration with error: 0.00013064
Finished 2500 iteration with error: 0.000118836
Finished 3000 iteration with error: 0.000108641
Finished 3500 iteration with error: 9.96683e-05
Finished 4000 iteration with error: 9.16669e-05
Finished 4500 iteration with error: 8.44734e-05
Finished 5000 iteration with error: 7.79403e-05
Total Number of Iterations: 5001
Residual: 1.34710361976431e-07

------------------------------------------------------------------------------------------------------
Performance:	Runtime(ms)	MFLOPS		Error
------------------------------------------------------------------------------------------------------
base:		4627.00		906.32		0.00126067
+ for i in '{1..20}'
+ ./jacobi
Usage: jacobi [<n> <m> <alpha> <tol> <relax> <mits>]
	n - grid dimension in x direction, default: 256
	m - grid dimension in y direction, default: n if provided or 256
	alpha - Helmholtz constant (always greater than 0.0), default: 0.0543
	tol   - error tolerance for iterative solver, default: 1e-10
	relax - Successice over relaxation parameter, default: 1
	mits  - Maximum iterations for iterative solver, default: 5000
jacobi 256 256 0.0543 1e-10 1 5000
------------------------------------------------------------------------------------------------------
================================= Sequential Execution ======================================
Finished 500 iteration with error: 0.000186838
Finished 1000 iteration with error: 0.000162331
Finished 1500 iteration with error: 0.000144725
Finished 2000 iteration with error: 0.00013064
Finished 2500 iteration with error: 0.000118836
Finished 3000 iteration with error: 0.000108641
Finished 3500 iteration with error: 9.96683e-05
Finished 4000 iteration with error: 9.16669e-05
Finished 4500 iteration with error: 8.44734e-05
Finished 5000 iteration with error: 7.79403e-05
Total Number of Iterations: 5001
Residual: 1.34710361976431e-07

------------------------------------------------------------------------------------------------------
Performance:	Runtime(ms)	MFLOPS		Error
------------------------------------------------------------------------------------------------------
base:		4354.00		963.15		0.00126067
+ for i in '{1..20}'
+ ./jacobi
Usage: jacobi [<n> <m> <alpha> <tol> <relax> <mits>]
	n - grid dimension in x direction, default: 256
	m - grid dimension in y direction, default: n if provided or 256
	alpha - Helmholtz constant (always greater than 0.0), default: 0.0543
	tol   - error tolerance for iterative solver, default: 1e-10
	relax - Successice over relaxation parameter, default: 1
	mits  - Maximum iterations for iterative solver, default: 5000
jacobi 256 256 0.0543 1e-10 1 5000
------------------------------------------------------------------------------------------------------
================================= Sequential Execution ======================================
Finished 500 iteration with error: 0.000186838
Finished 1000 iteration with error: 0.000162331
Finished 1500 iteration with error: 0.000144725
Finished 2000 iteration with error: 0.00013064
Finished 2500 iteration with error: 0.000118836
Finished 3000 iteration with error: 0.000108641
Finished 3500 iteration with error: 9.96683e-05
Finished 4000 iteration with error: 9.16669e-05
Finished 4500 iteration with error: 8.44734e-05
Finished 5000 iteration with error: 7.79403e-05
Total Number of Iterations: 5001
Residual: 1.34710361976431e-07

------------------------------------------------------------------------------------------------------
Performance:	Runtime(ms)	MFLOPS		Error
------------------------------------------------------------------------------------------------------
base:		4481.00		935.85		0.00126067
